<?xml version="1.0" encoding="UTF-8"?>
<testsuite name="com.ib.mna.MnaIntegrationTest" tests="1" skipped="0" failures="0" errors="0" timestamp="2026-03-30T02:49:41" hostname="DESKTOP-RDT5G4M" time="0.584">
  <properties/>
  <testcase name="testSynergyPersistenceAndCalculation()" classname="com.ib.mna.MnaIntegrationTest" time="0.584"/>
  <system-out><![CDATA[11:49:37.872 [Test worker] INFO org.springframework.test.context.support.AnnotationConfigContextLoaderUtils -- Could not detect default configuration classes for test class [com.ib.mna.MnaIntegrationTest]: MnaIntegrationTest does not declare any static, non-private, non-final, nested classes annotated with @Configuration.
11:49:37.997 [Test worker] INFO org.springframework.boot.test.context.SpringBootTestContextBootstrapper -- Found @SpringBootConfiguration com.ib.mna.MnaEngineApplication for test class com.ib.mna.MnaIntegrationTest

  .   ____          _            __ _ _
 /\\ / ___'_ __ _ _(_)_ __  __ _ \ \ \ \
( ( )\___ | '_ | '_| | '_ \/ _` | \ \ \ \
 \\/  ___)| |_)| | | | | || (_| |  ) ) ) )
  '  |____| .__|_| |_|_| |_\__, | / / / /
 =========|_|==============|___/=/_/_/_/
 :: Spring Boot ::                (v3.2.0)

2026-03-30T11:49:38.414+09:00  INFO 50786 --- [    Test worker] com.ib.mna.MnaIntegrationTest            : Starting MnaIntegrationTest using Java 17.0.18 with PID 50786 (started by kbgkim in /home/kbgkim/antigravity/projects/ib-risk-worktree/ib-mna-engine)
2026-03-30T11:49:38.416+09:00  INFO 50786 --- [    Test worker] com.ib.mna.MnaIntegrationTest            : No active profile set, falling back to 1 default profile: "default"
2026-03-30T11:49:38.812+09:00  INFO 50786 --- [    Test worker] .s.d.r.c.RepositoryConfigurationDelegate : Bootstrapping Spring Data JPA repositories in DEFAULT mode.
2026-03-30T11:49:38.856+09:00  INFO 50786 --- [    Test worker] .s.d.r.c.RepositoryConfigurationDelegate : Finished Spring Data repository scanning in 33 ms. Found 2 JPA repository interfaces.
2026-03-30T11:49:39.387+09:00  INFO 50786 --- [    Test worker] o.hibernate.jpa.internal.util.LogHelper  : HHH000204: Processing PersistenceUnitInfo [name: default]
2026-03-30T11:49:39.423+09:00  INFO 50786 --- [    Test worker] org.hibernate.Version                    : HHH000412: Hibernate ORM core version 6.3.1.Final
2026-03-30T11:49:39.457+09:00  INFO 50786 --- [    Test worker] o.h.c.internal.RegionFactoryInitiator    : HHH000026: Second-level cache disabled
2026-03-30T11:49:39.634+09:00  INFO 50786 --- [    Test worker] o.s.o.j.p.SpringPersistenceUnitInfo      : No LoadTimeWeaver setup: ignoring JPA class transformer
2026-03-30T11:49:39.664+09:00  INFO 50786 --- [    Test worker] com.zaxxer.hikari.HikariDataSource       : HikariPool-1 - Starting...
2026-03-30T11:49:39.926+09:00  INFO 50786 --- [    Test worker] com.zaxxer.hikari.pool.HikariPool        : HikariPool-1 - Added connection org.postgresql.jdbc.PgConnection@cae2a97
2026-03-30T11:49:39.928+09:00  INFO 50786 --- [    Test worker] com.zaxxer.hikari.HikariDataSource       : HikariPool-1 - Start completed.
2026-03-30T11:49:39.954+09:00  WARN 50786 --- [    Test worker] org.hibernate.orm.deprecation            : HHH90000025: PostgreSQLDialect does not need to be specified explicitly using 'hibernate.dialect' (remove the property setting and it will be selected by default)
2026-03-30T11:49:40.728+09:00  INFO 50786 --- [    Test worker] o.h.e.t.j.p.i.JtaPlatformInitiator       : HHH000489: No JTA platform available (set 'hibernate.transaction.jta.platform' to enable JTA platform integration)
2026-03-30T11:49:40.770+09:00  INFO 50786 --- [    Test worker] j.LocalContainerEntityManagerFactoryBean : Initialized JPA EntityManagerFactory for persistence unit 'default'
2026-03-30T11:49:41.249+09:00  WARN 50786 --- [    Test worker] JpaBaseConfiguration$JpaWebConfiguration : spring.jpa.open-in-view is enabled by default. Therefore, database queries may be performed during view rendering. Explicitly configure spring.jpa.open-in-view to disable this warning
2026-03-30T11:49:41.643+09:00  INFO 50786 --- [    Test worker] com.ib.mna.MnaIntegrationTest            : Started MnaIntegrationTest in 3.491 seconds (process running for 4.533)
Hibernate: 
    select
        count(*) 
    from
        synergy_items si1_0
Hibernate: 
    insert 
    into
        synergy_items
        (category, deal_id, estimated_value, name, realization_year) 
    values
        (?, ?, ?, ?, ?)
Hibernate: 
    select
        si1_0.id,
        si1_0.category,
        si1_0.deal_id,
        si1_0.estimated_value,
        si1_0.name,
        si1_0.realization_year 
    from
        synergy_items si1_0 
    where
        si1_0.deal_id=?
]]></system-out>
  <system-err><![CDATA[]]></system-err>
</testsuite>
